2023/03/03	00:51:06	cb95bd71-8a3d-494a-aa78-7cbe66d08d03	GET	/index892usdf	undefined
2023/03/03	00:51:17	4a11bccc-b4e8-4ec9-8aa5-d4790c3bbad0	GET	/index892usdf	undefined
2023/03/03	00:51:17	1bbd27d5-fcb7-4a50-8882-a20b47314a21	GET	/css/style.css	undefined
2023/03/03	11:32:16	166de5fa-be80-4c8c-a745-6914a0ba264f	GET	/index892usdf	undefined
2023/03/03	11:32:16	8dfc9345-1dea-4591-9a31-929dafca3b7b	GET	/css/style.css	undefined
2023/03/03	11:32:18	23d4671e-0090-4a25-b900-1ec36e5aa07d	GET	/	undefined
2023/03/03	11:32:18	e618c5eb-75df-4292-b69d-1609590a2bf4	GET	/css/style.css	undefined
2023/03/03	11:32:18	a73b83e0-9d82-470d-9ca7-94d34672069a	GET	/	undefined
2023/03/03	11:32:18	d228b438-85d7-49be-8e05-3b47383538c6	GET	/css/style.css	undefined
2023/03/03	11:33:25	dda7e7dd-35d6-4eb4-813b-b9cb683e9401	GET	/	undefined
2023/03/03	11:33:25	76c1faa7-9cab-4772-8717-4c6a132e811b	GET	/css/style.css	undefined
2023/03/03	11:39:15	9e27fb9f-0dae-4b0b-9364-f332ef79f493	GET	/register	undefined
2023/03/03	11:39:32	f6f23737-0b04-4bbd-9da7-aa8aa7ab9eac	POST	/register	undefined
2023/03/03	11:42:25	6dd253ad-22f4-4a00-8a8c-ecac877d0853	POST	/register	undefined
2023/03/03	11:43:27	526db64a-8639-494c-af06-864d89a52bc4	POST	/register	undefined
2023/03/03	11:44:42	8679f46c-48dc-4da3-afa0-cb8d2535547d	POST	/register	undefined
2023/03/03	11:44:55	aa1ff5dd-39ba-4b67-9a02-9b4bad2025c3	POST	/register	undefined
2023/03/03	11:48:11	95932db3-8073-4dab-b0a4-8968360aa9fb	POST	/register	undefined
2023/03/03	11:49:00	0f71f878-bece-494c-8eee-402b28b211d2	POST	/register	undefined
2023/03/03	11:49:22	46bb611d-f4d5-4caf-8a5f-3b26fae1fcbb	POST	/register	undefined
2023/03/03	11:50:57	406e26c3-e976-4037-855a-4be6fd841015	POST	/register	undefined
2023/03/03	11:51:05	e4dec28d-6022-45c3-96c7-22ce370a985a	POST	/register	undefined
2023/03/03	11:51:24	fa82d722-7b9b-4bda-85e9-fc918a24fb3c	POST	/register	undefined
2023/03/03	11:51:31	57e65526-f83f-4d65-bbe6-f163de62ebc4	POST	/register	undefined
2023/03/03	12:55:22	9c2f8224-1d18-4916-b18d-d3c272daea5c	POST	/register	undefined
2023/03/03	13:00:45	ef0246b3-52bf-466c-874f-4bc4c9f83333	POST	/register	undefined
2023/03/03	13:02:26	2b827afa-5c56-4082-a4d4-f91ccc6952a4	POST	/register	undefined
2023/03/03	13:03:22	8fdab183-c3c9-4b89-a27c-5139d418f520	POST	/register	undefined
2023/03/03	13:08:31	ff8e3d48-b75d-4039-9173-ecf613e40668	GET	/	undefined
2023/03/03	13:08:31	0c243cb7-fb55-425d-bcf1-ae4af571572e	GET	/css/style.css	undefined
2023/03/03	13:08:42	c7157160-be1e-40d3-b93b-c680be5ea67b	POST	/register	undefined
2023/03/03	13:09:43	4f695831-72ca-4cb6-95d2-d5fa09aeccd8	POST	/register	undefined
2023/03/03	13:10:52	2b58834d-3c8e-45d4-9c7d-511dd65663a8	POST	/register	undefined
2023/03/03	13:11:24	d220ec02-69a1-4da5-9a42-877d1e741acd	POST	/register	undefined
2023/03/03	13:23:58	0d03f52a-ad06-4b45-8290-f0ae5bdaa082	POST	/register	undefined
2023/03/03	13:24:34	7219763c-6c27-4757-8d29-3833ad7ea5df	POST	/register	undefined
2023/03/03	13:25:21	e8c867ea-f305-4a82-b123-14dc3a582ce8	POST	/register	undefined
2023/03/03	13:25:50	32443310-bb02-4f6c-985e-a43e9351c8a6	POST	/register	undefined
2023/03/03	13:26:39	1abff1e9-c17c-4910-9a18-4d2e2246019f	POST	/register	undefined
2023/03/03	13:28:02	95f4769d-4c4d-45bf-a340-7ee4b08cb626	POST	/register	undefined
2023/03/03	13:28:22	5c42136f-b7a9-4419-82a0-f99a0690a091	POST	/register	undefined
2023/03/03	13:28:49	2050f80c-5bf0-408a-978e-39b73d4f77ae	POST	/register	undefined
2023/03/03	13:28:55	1be2c5f8-bdd5-4435-b460-b154f6aeff61	POST	/register	undefined
2023/03/03	13:29:52	50dc8f88-7851-474e-95b9-8e0f5f4aa001	POST	/register	undefined
2023/03/03	13:30:09	2e681a0e-b419-4f04-8d2f-7e739e3abc57	POST	/register	undefined
2023/03/03	13:30:13	f51468c4-35c1-44e3-a419-40f351691b2e	POST	/register	undefined
2023/03/03	13:31:06	c3405967-cc8e-421f-87c2-ce3f89139c8d	POST	/register	undefined
2023/03/03	13:31:10	271eb6e8-d41a-4b8b-9aa6-b012ffdd62ea	POST	/register	undefined
2023/03/03	13:32:08	a5a167bc-18ca-4d6c-8e85-0d61b5298c2b	POST	/register	undefined
2023/03/03	13:32:12	505173f8-4f88-4850-a90d-997f99ce033d	POST	/register	undefined
2023/03/03	13:33:16	ba85a698-6c95-457f-81ef-43afc917be01	POST	/register	undefined
2023/03/03	13:33:19	edb023b4-a103-4e1e-b31f-40cbbe8a8e9a	POST	/register	undefined
2023/03/03	13:34:30	3a1c0baa-86aa-4592-b8b9-59c861fe561a	POST	/register	undefined
2023/03/03	13:34:32	6c18b1bc-d2aa-4f9a-925a-be97a288beba	POST	/register	undefined
2023/03/03	13:36:20	b94a2072-03ee-4440-a90b-edaf14d8ecab	POST	/register	undefined
2023/03/03	13:37:11	a082268d-ab7e-4acf-8314-e531e4443a78	POST	/register	undefined
2023/03/03	13:37:17	b9498135-e14d-42ed-b3ad-21e511fabf6a	POST	/register	undefined
2023/03/03	13:37:47	91f9bf23-e339-41ee-9780-56c81e95d8d5	POST	/register	undefined
2023/03/03	13:38:17	35edbf9d-c51d-481b-8749-399519aa92ab	POST	/register	undefined
2023/03/03	13:41:24	c2152d34-e8f9-4ab8-bb2d-0269de15da1d	POST	/register	undefined
2023/03/03	13:41:28	4c14d661-d243-4807-8bd4-82ced5ce6352	POST	/register	undefined
2023/03/03	13:44:02	9e598164-687b-40b9-8481-f5adf97a497d	POST	/register	undefined
2023/03/03	13:44:30	623fef27-ecc8-4af0-9e72-b043ae889cdb	POST	/register	undefined
2023/03/03	13:46:45	6e2e97cd-9c1c-45d6-9af4-b90f4f1eea4e	POST	/register	undefined
2023/03/03	13:49:02	54dff36b-d774-4f99-ba52-2cdeb5c2ad3d	POST	/register	undefined
2023/03/03	13:49:06	b4585bdd-2b5d-49b8-82db-5c1da4e9334e	POST	/register	undefined
2023/03/03	13:50:27	f1847096-7df5-412e-b85c-57039dfa91e5	POST	/register	undefined
2023/03/03	13:52:26	9c940d0e-dd9c-4607-92d1-0370d8a05052	POST	/register	undefined
2023/03/03	13:54:31	825e9338-5f20-45e6-a9c0-8c2489c740bf	POST	/register	undefined
2023/03/03	13:55:00	88564cd6-10dc-4333-879f-cb644a44a946	POST	/register	undefined
2023/03/03	13:56:43	71945f67-4774-49aa-b872-5eba82f2a3cf	POST	/register	undefined
2023/03/03	13:57:54	5adea540-4b3a-42d8-83c6-481753ad84ef	POST	/register	undefined
2023/03/03	13:58:12	80cefe2c-a643-45a9-a369-1f37b2e60430	POST	/register	undefined
2023/03/03	14:00:18	63c52f49-94f7-43a9-8e81-d195ee8032ec	POST	/register	undefined
2023/03/03	14:01:36	4af0201b-93eb-44bb-a8d9-80612b412953	POST	/register	undefined
2023/03/03	14:06:50	f9c2ec02-eba8-4c2e-8023-5b479c44ff61	POST	/login	undefined
2023/03/03	14:09:42	ef76f5b3-17b6-4b6f-9f73-635aaacb45a0	POST	/login	undefined
2023/03/03	14:11:26	5c2af747-54e7-4e31-8398-96c2bc14c770	POST	/login	undefined
2023/03/03	14:11:37	41037dad-a207-413c-b925-04069051cb82	POST	/login	undefined
2023/03/03	14:12:19	d8299392-51e9-4900-8238-e7b1d3936804	POST	/login	undefined
2023/03/03	14:12:32	cabc7e9b-c346-40e4-bfab-23639fe6323f	POST	/login	undefined
2023/03/03	14:17:47	3870e7cd-bfa8-4a90-b358-75a0783b5f48	POST	/login	undefined
2023/03/03	14:17:51	066ff8d7-53ed-4831-9a97-d3efcfed58fd	POST	/login	undefined
2023/03/03	14:24:44	0181a50a-5101-4ba7-ad21-cdaf314602da	POST	/login	undefined
2023/03/03	14:25:06	0c9c0e38-7d91-490a-a951-ed5ae4a04d1c	POST	/login	undefined
2023/03/03	14:25:08	ca9637ca-a0a7-495c-8ef3-14659dbd6ca7	POST	/login	undefined
2023/03/03	14:25:29	56683956-d33e-4c61-b717-c141bd34c1ad	POST	/login	undefined
2023/03/03	14:26:10	4b1738f3-5aa6-4a95-a8e8-07dc54344d4d	POST	/login	undefined
2023/03/03	14:27:18	845371a0-f78a-4a9e-8b95-a7ad69b97a6a	POST	/login	undefined
2023/03/03	14:27:22	41321f6b-347f-4dd0-b7e1-4ed04f4917e9	POST	/login	undefined
2023/03/03	14:27:24	cdfee81c-55de-4abd-9b9c-34f718621193	POST	/login	undefined
2023/03/03	14:27:27	cde574a6-da5d-42ff-b7f7-7ad924935b64	POST	/login	undefined
2023/03/03	14:36:43	4b9bc6be-6924-4991-817b-082584af520e	POST	/login	undefined
2023/03/03	14:37:53	c66bd593-42f1-40a6-bfe5-b020af94afef	POST	/login	undefined
2023/03/03	14:38:20	ff39d64a-c57f-46be-8be2-ce0c0dfa45f3	POST	/login	undefined
2023/03/03	15:00:48	90d99b65-3812-460d-8fd9-3fff4482a579	POST	/login	undefined
2023/03/03	15:38:19	2308ca43-e8bb-49ae-a7f4-b438bb48ca0b	POST	/login	undefined
2023/03/03	15:38:42	72eb4bfc-ca90-4b2f-9622-add8799eb0fc	POST	/login	undefined
2023/03/03	15:38:53	3174d701-3a56-49db-8486-cc03cdc563c1	POST	/login	undefined
2023/03/03	15:39:12	d43f3c32-c974-42af-baed-af5602aa3c76	POST	/login	undefined
2023/03/03	15:43:01	a579208e-1709-4893-9904-459f95f0d36a	POST	/login	undefined
2023/03/03	15:43:03	78258f6a-c161-4d6e-8057-bc257e37a453	POST	/login	undefined
2023/03/03	15:43:10	f64fdf6d-82fb-4027-b8ef-1560a16cf536	POST	/login	undefined
2023/03/03	15:51:15	64d74899-465c-4454-8eb7-a6a61355b0c6	POST	/post	undefined
2023/03/03	15:57:47	3147a79c-11b3-44d8-b06e-87b9376fe2be	POST	/post	undefined
2023/03/03	15:58:45	584d29a3-2db5-4f4b-b80f-babbdd3c32d6	POST	/post	undefined
2023/03/03	16:01:31	1496fc59-581e-400b-a2e6-7ca7c1c7374f	POST	/post	undefined
2023/03/03	16:01:42	e0308bf9-97a5-4cbe-b8d7-ebf26e3a58a7	POST	/post	undefined
2023/03/03	16:01:59	b274e9e1-5446-490b-9574-ab590df71c76	POST	/post	undefined
2023/03/03	16:02:42	d6e30987-87f1-4d05-99fc-ade2c241133b	GET	/	undefined
2023/03/03	16:02:42	16eb4729-1a27-4854-bb38-1ce3c8b14ce9	GET	/css/style.css	undefined
2023/03/03	16:05:36	828bcb88-acb2-4a23-8beb-29a059910fda	POST	/post	undefined
2023/03/03	16:06:09	555ff141-daf3-4d8b-b198-90fc8a1ab723	POST	/post	undefined
2023/03/03	16:06:26	ceee5961-e4ed-4d71-b5df-e82202ae59fa	POST	/post	undefined
2023/03/03	16:07:27	07ff536f-2ac4-440a-8fc2-b3bbc55da5c1	POST	/post	undefined
2023/03/03	16:07:32	5ed258a3-41a4-4274-9a6a-682f17a964f2	POST	/post	undefined
2023/03/03	16:08:53	01ee0b77-1c5b-4442-8c14-db53437c8633	POST	/login	undefined
2023/03/03	16:08:55	1173764c-6584-4f26-b660-ac83e29144bb	POST	/post	undefined
2023/03/03	16:09:34	dc62a104-a2ba-40a9-97bf-4e4e9e361e46	POST	/login	undefined
2023/03/03	16:09:37	25d37a30-59a7-4c96-8c72-6444585b51fe	POST	/post	undefined
2023/03/03	16:13:55	9c70a977-4c42-4a2b-ae05-5dd271492235	POST	/login	undefined
2023/03/03	16:13:58	3a1b87bf-6f63-4b7f-8617-5f9f351c12a6	POST	/post	undefined
2023/03/03	16:14:18	3b11c1cb-b8f6-47e9-baaf-2a612df468ee	POST	/login	undefined
2023/03/03	16:14:37	5da242ba-684b-47bc-a108-9ad33d602f8a	POST	/login	undefined
2023/03/03	16:15:21	95f2dc2c-50d4-4aec-b42d-7da82c952991	POST	/login	undefined
2023/03/03	16:24:45	8c54ff22-858e-4911-8715-04a3a1a59aec	POST	/post	undefined
2023/03/03	16:25:04	b91a9003-bd6d-4ed4-9514-45a4901c8680	POST	/login	undefined
2023/03/03	16:33:54	b9a0b49d-451c-4262-9ca7-706225d361d9	POST	/login	undefined
2023/03/03	16:33:57	f5643508-a48b-4f76-95f6-9e87d67efa8d	POST	/post	undefined
2023/03/03	16:34:07	0a5a2349-cf39-4aa4-b6bc-26216c23d1cd	POST	/post	undefined
2023/03/03	16:35:22	794007fc-8bb2-41d0-bba3-459e8d922719	POST	/login	undefined
2023/03/03	16:35:28	c5300c1b-b0de-4f2a-87b1-c36b8154030b	POST	/login	undefined
2023/03/03	16:37:03	bfe911a0-df94-4e1e-84d5-d27636adf599	POST	/login	undefined
2023/03/03	16:37:07	4d958b6c-bd0f-4183-aee8-d5255fc8fd80	POST	/post	undefined
2023/03/03	16:37:33	429fd453-7ad6-4e7c-977e-ad369e1838ee	POST	/login	undefined
2023/03/03	16:37:58	f7af6fc9-4b60-48df-aeeb-22c002c9c64e	POST	/login	undefined
2023/03/03	16:38:13	321a02c7-048b-4e03-a4da-4f83a977673b	POST	/login	undefined
2023/03/03	16:38:16	bd5b349e-9d20-4246-8f34-9a6282525d5b	POST	/post	undefined
2023/03/03	16:38:26	7728edc4-956b-4d6d-a95f-b19a29b00497	POST	/post	undefined
2023/03/03	16:38:44	216645c5-1642-47d8-a036-6ccf3aae44a6	POST	/login	undefined
2023/03/03	16:38:46	2229372d-f0da-4025-ae3e-a241a19a5616	POST	/post	undefined
2023/03/03	20:54:24	1c4d242b-edc1-4735-8533-7de8d1400e86	POST	/login	undefined
2023/03/03	20:54:30	7c23eb14-7b0f-4259-b1c5-3a23723fda49	POST	/post	undefined
2023/03/03	20:57:10	1a9d00fd-ea9d-4060-8ed1-872dba7e4687	POST	/login	undefined
2023/03/03	20:59:13	6f0c6180-1e84-4383-8df6-c817e3986eed	POST	/login	undefined
2023/03/03	21:03:41	d6c9aedc-d3c4-4fe8-90c8-c41a3b080303	POST	/login	undefined
2023/03/03	21:04:24	92b9d74b-8c5c-4c3d-9c70-c7d9dd95aba6	POST	/login	undefined
2023/03/03	21:04:26	f4eafd79-4272-4488-aa4a-f4ef79d5a76c	POST	/post	undefined
2023/03/03	21:04:43	4ca7b979-5e82-4800-945d-bb069bafa8c5	POST	/login	undefined
2023/03/03	21:04:44	7642c1ce-ff90-44df-86ec-370b7730b333	POST	/post	undefined
2023/03/03	21:04:51	ce0c62d3-dcb0-4441-87bf-c5e3c329fa6f	POST	/post	undefined
2023/03/03	21:05:15	d0567545-2ac1-461e-9f97-beffd7bac888	POST	/login	undefined
2023/03/03	21:05:18	a2e554c8-7d37-49e7-88aa-f7473bc77a54	POST	/post	undefined
2023/03/03	21:06:16	2fe3b508-0cdd-4534-8b6b-32d5bbc14e0c	POST	/login	undefined
2023/03/03	21:06:18	4dda8890-942b-4103-8d84-198fbf9253b7	POST	/post	undefined
2023/03/03	21:10:42	89456787-ae26-4fa5-9ff8-92958ba6518e	POST	/login	undefined
2023/03/03	21:10:44	ea313639-5834-4570-a496-c6dd36b5847a	POST	/post	undefined
2023/03/03	21:11:07	965de156-e736-4995-8aef-7555f2e8bceb	POST	/login	undefined
2023/03/03	21:11:09	7e0c02bb-bf0a-401c-8e54-5299f2aacd68	POST	/post	undefined
2023/03/03	21:13:33	cb6aa0db-8539-4fd7-8201-ae810c5e9181	POST	/login	undefined
2023/03/03	21:13:35	405250a4-c69d-4c83-9e9b-881ea8740f31	POST	/post	undefined
2023/03/03	21:15:30	2b523a15-1ba8-44d9-b912-3d2414664449	POST	/login	undefined
2023/03/03	21:16:08	09df7488-df97-494c-ae9e-f3db7d686c6e	POST	/login	undefined
2023/03/03	21:16:23	0ebedde2-d56e-4ae6-9a2f-b48e89cd30fd	POST	/login	undefined
2023/03/03	21:16:25	e89373d7-8fa3-4a4f-a8a9-976f13f5eaa7	POST	/post	undefined
2023/03/03	21:17:03	8c4393c8-7ccc-4cd2-b093-73d58e3a9ac1	POST	/login	undefined
2023/03/03	21:17:05	b8f88f65-e319-4717-bd21-b1f6cbc375fd	POST	/post	undefined
2023/03/03	21:18:29	8e04254f-02f3-4a44-ae87-66b1acda865e	POST	/login	undefined
2023/03/03	21:18:33	117fa159-23e5-4b75-b34e-04c1505d7b51	POST	/post	undefined
2023/03/03	21:18:47	b6fde0c4-12a9-4297-8eaf-b53e3cba5c29	POST	/login	undefined
2023/03/03	21:18:56	69892ec0-8d5b-42b4-ba48-72046b1a3e28	POST	/post	undefined
2023/03/03	21:24:30	5b3b55c4-ceda-44a0-9d62-5e3d7fe0f485	POST	/login	undefined
2023/03/03	21:24:31	0abbb374-5a43-4c23-b680-a91f0401c65f	POST	/post	undefined
2023/03/03	21:24:42	e03ea64d-23bd-4ab6-b960-598e2416ab10	POST	/login	undefined
2023/03/03	21:24:48	52bbbe78-7693-4075-947b-bb3d78a33fe7	POST	/post	undefined
2023/03/03	21:25:54	16bd2f33-7466-45fc-ae49-0b2a82ef9515	POST	/login	undefined
2023/03/03	21:25:56	7acea4f1-46a9-4c1e-adbd-0683d20498a8	POST	/post	undefined
2023/03/03	21:26:10	662e4469-5cf2-40f0-bb4a-f50198995117	POST	/login	undefined
2023/03/03	21:33:10	3fbdb79d-47c3-4811-8428-b70f6cbb729b	POST	/login	undefined
2023/03/03	21:33:14	ca6c049a-a509-43df-9ec0-4aecf21438d9	POST	/post	undefined
2023/03/03	21:33:24	315d3e61-e114-42f1-b81f-f037c2552ffa	POST	/login	undefined
2023/03/03	21:33:27	3f1aa2a7-c7e4-40c2-a599-6ac1ef6d101a	POST	/post	undefined
2023/03/03	21:39:15	0e2dc350-7b3b-48f4-8181-f587a43efce8	POST	/login	undefined
2023/03/03	21:39:35	32c49271-d23b-402d-8e37-33116eec9178	POST	/login	undefined
2023/03/03	21:41:43	bd842e17-1bf7-4852-ade6-b0cb7b2d29c6	POST	/login	undefined
2023/03/03	21:42:33	93c9ed7c-ca70-46fc-9cbc-a2d5531d7403	POST	/login	undefined
2023/03/03	21:42:55	5551c1b1-6ca1-454e-acaa-6af61d161952	POST	/login	undefined
2023/03/03	21:46:12	559816e8-7f8e-42b5-be3f-a373a8527fe4	POST	/login	undefined
2023/03/03	21:46:59	15d464a5-f506-4ea8-97e8-c5155b1ab5e7	POST	/login	undefined
2023/03/03	21:47:20	58fc059e-c9d9-4dad-aebc-c4db7ebd495d	POST	/post	undefined
2023/03/03	21:47:33	456c0bb4-580f-417c-8dc8-a7b07e86560b	POST	/login	undefined
2023/03/03	21:47:43	0a06b502-8195-4dc3-8d8e-66c8491b5a3c	POST	/post	undefined
2023/03/03	21:48:10	f6bbe277-0b83-47f5-a128-d81f4d16fccd	POST	/login	undefined
2023/03/03	21:48:15	09430c25-6ac8-4e49-be03-2f0215328348	POST	/post	undefined
2023/03/03	21:48:27	4032663c-1206-4295-aa8c-8d34170f45b3	POST	/login	undefined
2023/03/03	21:48:32	d37826ee-c3f3-48b9-b9b3-933260aa4a3f	POST	/post	undefined
2023/03/03	21:53:17	5c6c461f-3814-4d7e-8b43-8dc3347b415a	POST	/register	undefined
2023/03/03	21:53:35	6dd73583-4c90-46b2-b2f2-1e39b578287b	POST	/register	undefined
2023/03/03	21:53:59	8fec6321-0351-45d1-bf7b-bfef796e6742	POST	/register	undefined
2023/03/03	21:54:19	bb3ec8e0-6211-4999-b013-f9e0d024970f	POST	/post	undefined
2023/03/03	21:56:51	7e77d583-de5a-4769-8dc6-0eb191e62abc	POST	/login	undefined
2023/03/03	21:56:58	ab463c18-c930-4abf-a49e-459462cbe48f	POST	/post	undefined
2023/03/03	22:09:12	349cd6a2-e786-434d-8ad7-402a46cc24d3	POST	/post	undefined
2023/03/03	22:09:19	8420727e-bc82-488a-a796-1ec27235e4ae	POST	/post	undefined
2023/03/03	22:11:35	2b5cf430-571b-4dde-9611-40289dd7a70a	POST	/post	undefined
2023/03/03	22:12:01	1c04d4e5-ea9c-4974-a6bc-5fa35818903b	POST	/post	undefined
2023/03/03	22:13:19	f7f6fd98-8f5f-4df0-9e3d-3f283127461e	POST	/post	undefined
2023/03/03	22:13:33	15c51b58-cc38-4055-af0e-cac923edc0ae	POST	/post	undefined
2023/03/03	22:13:44	8fc995bb-8aac-4ed8-b5e4-ff2aed405447	POST	/post	undefined
2023/03/03	22:14:35	bb6c924e-c691-489c-bb6a-c48125045f76	POST	/post	undefined
2023/03/03	22:14:45	9aa668fa-d17c-4a4f-819f-7bcf6354ecb3	POST	/post	undefined
2023/03/03	22:15:14	e7b81646-d304-4cd6-b291-5faa4df57f36	POST	/post	undefined
2023/03/03	22:15:24	8f988cd0-84f8-4e78-a936-15acad35dc96	POST	/post	undefined
2023/03/03	22:15:46	73e91684-74e4-4b98-b577-7ee17866bf6d	POST	/post	undefined
2023/03/03	22:16:18	9ef09abb-6723-4e85-baf3-ded6e28f38cf	POST	/post	undefined
2023/03/03	22:16:21	1ebc88c6-49b7-494f-b39a-79a8b51b7b4f	POST	/post	undefined
2023/03/03	22:16:42	2fe1afbd-4fa7-46a9-abd4-5aef082a85ca	POST	/post	undefined
2023/03/03	22:17:26	d6475b6c-7500-4124-87a1-f4ac325c8be1	POST	/post	undefined
2023/03/03	22:18:02	3b9b7259-c88e-4628-8bfd-c5063bd0c004	POST	/post	undefined
2023/03/03	22:18:45	1c75f1ed-da26-44b3-9495-2e78fe41d892	POST	/post	undefined
2023/03/03	22:19:44	749c6eb2-d617-4db0-8d57-4e27b20e64ad	POST	/post	undefined
2023/03/03	22:24:35	ae1af9f2-374e-4df2-9e0a-27dbe8a5b66f	POST	/login	undefined
2023/03/03	22:24:47	cf4b43a3-ea62-4544-a893-b97213a80125	POST	/post	undefined
2023/03/03	22:24:49	0dd38f1a-3748-468d-8366-cac67e42833d	POST	/post	undefined
2023/03/03	22:26:10	36d32fd6-f652-45b7-a2c6-0912efa0ae6e	POST	/login	undefined
2023/03/03	22:26:15	4dbca8b5-1173-47b9-9dcb-66b807e6ce87	POST	/post	undefined
2023/03/03	22:26:21	1db3a56a-e044-4b28-9cbe-567c3f7564b9	POST	/post	undefined
2023/03/03	22:33:55	3b8212aa-653d-452a-a8aa-ca7ee8070ede	POST	/login	undefined
2023/03/03	22:34:00	eaddffe4-cd54-4c4d-a493-73579cc8d96e	POST	/post	undefined
2023/03/03	22:34:21	2bb0073e-9de7-4343-a3ab-2a8cac4d5b32	POST	/login	undefined
2023/03/03	22:34:25	1039e783-7931-4800-a4d3-aeb2a444cf56	POST	/post	undefined
2023/03/03	22:34:46	ee6ed7f8-e920-4298-b646-8ad2d02f2c78	POST	/post	undefined
2023/03/03	22:35:09	6553c0be-f672-4c70-84df-ffb2eda723af	POST	/login	undefined
2023/03/03	22:35:14	814a5817-f34c-4bbe-9897-2e9af96328bb	POST	/post	undefined
2023/03/03	22:35:20	ef4c5671-0fc4-40dc-a8ae-c1e038bde651	POST	/post	undefined
2023/03/03	22:35:35	ed6db1b1-d02f-41cd-a4a2-0b0821bfc5ab	POST	/post	undefined
2023/03/03	22:36:25	0e18856b-8df4-4a8e-91bc-33a85e98a556	POST	/login	undefined
2023/03/03	22:36:37	1ab83c46-facc-4bf5-8ad5-194f353b951b	POST	/post	undefined
2023/03/03	22:36:47	a0ba524e-6ffb-465e-8f77-1be31272ee03	POST	/post	undefined
2023/03/03	22:37:35	99f0f07a-1a05-4f02-ba8e-2024e4536617	POST	/post	undefined
2023/03/03	22:37:38	eee0c36a-a225-417b-ae92-1927099ae2c7	POST	/login	undefined
2023/03/03	22:38:59	86bce025-14fe-475e-aeb6-0386a2dacd64	POST	/post	undefined
2023/03/03	22:39:03	f1b35e37-a958-42af-b7f5-7c316a2803be	POST	/post	undefined
2023/03/03	22:39:06	b0c2288e-3c23-479f-b308-fd89843f33ad	POST	/login	undefined
2023/03/03	22:39:11	3deae5fd-0368-4188-b5d1-c699199cf8a4	POST	/post	undefined
2023/03/03	22:50:03	68a4068a-f855-43fb-b295-90c3a20ac71f	GET	/post	undefined
2023/03/03	22:50:11	99e01258-fb34-4ed5-8c18-de9ba60ca6e7	POST	/login	undefined
2023/03/03	22:50:24	21535019-fd75-42ad-bc0e-28695486d4c2	GET	/post	undefined
2023/03/03	22:50:31	ce41b621-ce92-49be-81cf-037c405aa370	DELETE	/post	undefined
2023/03/03	22:50:37	c39185b9-d3e6-49d2-8c6f-01d734182b82	PUT	/post	undefined
2023/03/03	22:50:40	07ce5efb-839c-4c7f-b981-f2d3b33cc304	POST	/login	undefined
2023/03/03	22:50:46	80729d37-17ff-4c80-b296-ead0afb8d378	PUT	/post	undefined
2023/03/03	23:03:39	36d6e2f3-8c97-418c-bf9a-cd22f5add2ac	POST	/register	undefined
2023/03/03	23:03:51	20c74e58-830f-4ab8-90aa-e66feab8f5ae	POST	/register	undefined
2023/03/06	10:59:13	5a5341c9-0aba-4208-aea7-2ec8c3cf7365	GET	/	undefined
2023/03/06	10:59:13	5315712f-43e3-4b22-aea2-edc6d5442179	GET	/css/style.css	undefined
2023/03/06	10:59:17	440d0a5b-0d51-47ac-b093-d9ad5c3444d8	GET	/css/style.css	undefined
2023/03/06	10:59:18	64909dcc-2751-402d-a6e3-13cb027c8944	GET	/	undefined
2023/03/06	10:59:18	34b217bc-44e3-426a-990a-9eb6b8c5ee3f	GET	/css/style.css	undefined
2023/03/06	10:59:21	7fdeb8bb-1548-4c61-84ef-1937cca7e650	GET	/jksdjf	undefined
2023/03/06	11:00:00	3adac1de-42ff-4e2b-aa93-d1c92bdf64f2	GET	/	undefined
2023/03/06	11:00:00	a43aa5be-c15a-4adb-a50f-57b7a85e2dcb	GET	/css/style.css	undefined
2023/03/06	11:00:49	304c34da-52e6-43ef-b119-719922218770	GET	/	undefined
2023/03/06	11:00:49	a1f19db4-8492-4342-9e3b-976f9c706cb3	GET	/css/style.css	undefined
2023/03/06	11:00:50	ea227c36-f47d-4556-a9f2-e1d83048bcc4	GET	/	undefined
2023/03/06	11:00:50	2298cc77-27f3-4b27-842e-3ecddeebc341	GET	/css/style.css	undefined
2023/03/06	11:00:54	4f43ea6f-f0f2-4eb5-b2c1-e46d6d6a503e	GET	/ga	undefined
2023/03/06	11:12:39	55c0f893-ab09-4075-8a3d-d2dce367cae7	POST	/refresh	undefined
2023/03/06	11:14:05	36f9c042-a382-4363-815d-6097a2f1f130	POST	/refresh	undefined
2023/03/06	11:14:14	8d9881c0-4380-489a-865f-9df0f8380c1d	POST	/login	undefined
2023/03/06	11:14:19	28c96fca-69cb-46c0-b223-80028fc5a6e7	POST	/login	undefined
2023/03/06	11:14:45	80773c14-0030-4288-b3d4-12d03086823f	POST	/refresh	undefined
2023/03/06	11:14:51	7ac6a8c3-b6a4-4f55-9a10-6c412925ac23	POST	/login	undefined
2023/03/06	11:14:54	eb7aee21-9a39-41f3-af87-afadb5fea442	POST	/refresh	undefined
2023/03/06	11:15:42	d1ead75e-14c3-4fb1-bf3b-193a4b9372f6	POST	/login	undefined
2023/03/06	11:15:47	ef68f14a-6b0d-4f77-b371-012674bca562	POST	/refresh	undefined
2023/03/06	11:17:13	84d80b1b-2023-4088-b21a-68a52f5984e2	POST	/login	undefined
2023/03/06	11:17:16	5a3a469c-538b-4f84-8e00-1fba7ffb86ac	POST	/refresh	undefined
2023/03/06	11:18:17	aeb4d621-0eb5-471e-ab16-d6ec6450c0f6	POST	/login	undefined
2023/03/06	11:18:19	6f10f87f-da77-4d93-9428-498c5b05a7ec	POST	/refresh	undefined
2023/03/06	11:26:02	389e6515-bf20-4d78-972a-766adcb7b017	POST	/login	undefined
2023/03/06	11:26:41	53126689-096b-40fe-8dfa-6abf7ee7db4c	POST	/login	undefined
2023/03/06	11:27:00	4e8490f3-826d-42e9-bdf3-8827d7eac141	POST	/login	undefined
2023/03/06	11:29:19	b18b94aa-9d68-4101-9fc0-ad88e2791040	POST	/login	undefined
2023/03/06	11:29:37	f4ad97b0-7c9e-43e3-96ca-c93b66d0726c	POST	/login	undefined
2023/03/06	11:30:15	575088c5-41f7-4010-aeb5-0d46a0678627	POST	/login	undefined
2023/03/06	11:30:16	442a9907-5ebc-402d-9187-14afd95ea81a	POST	/login	undefined
2023/03/06	11:30:18	d0b489d7-7711-4f07-9181-f994da9466e9	POST	/login	undefined
2023/03/06	11:30:35	515a7cb0-5ce0-493c-94a0-1efa4ed5b282	POST	/login	undefined
2023/03/06	11:31:11	64902592-1423-4323-a94b-4c29c5608e49	POST	/login	undefined
2023/03/06	11:31:22	da627f21-fa11-4b8c-a132-cd2e89175a34	POST	/login	undefined
2023/03/06	11:31:25	699d59fd-f8c3-4686-bb9c-8dbd8f9c2aef	POST	/refresh	undefined
2023/03/06	11:31:36	fe8eec51-9dec-409e-9c04-d0c2de2194a4	POST	/login	undefined
2023/03/06	11:31:37	e29c0c82-6478-4eda-8a2a-b698993fee95	POST	/refresh	undefined
2023/03/06	11:32:04	d7a03ac0-99be-4d4c-a703-40137da2e05f	POST	/login	undefined
2023/03/06	11:32:06	f58da089-8aa8-4400-ba8a-a36cb319efc0	POST	/refresh	undefined
2023/03/06	11:32:16	de888d97-e250-4271-b4eb-23cbaca2d3d2	POST	/login	undefined
2023/03/06	11:32:25	b917a6a6-399a-4a9e-8beb-bf92561f6d51	POST	/refresh	undefined
2023/03/06	11:40:53	58564dd5-f30c-4681-89f6-4639f1cfa604	POST	/login	undefined
2023/03/06	11:40:56	ec7d49a3-92dc-4326-b674-bb23d3fa3dcf	POST	/refresh	undefined
2023/03/06	11:41:43	25ba2c99-bab3-479b-a11b-d94ed5885338	POST	/login	undefined
2023/03/06	11:42:04	a31fbaf9-0fd9-445d-9e8b-b6abc41448b3	POST	/post	undefined
2023/03/06	11:42:08	3ad789a5-05ac-455c-9ce6-b94f83b2af2d	POST	/post	undefined
2023/03/06	11:42:10	fcca78a3-c0de-4885-b4f2-96b6d262da3d	POST	/refresh	undefined
2023/03/06	11:42:15	ba5356ca-0872-45f1-ba49-3cb5502c8a56	POST	/post	undefined
2023/03/06	11:42:34	40ace44a-ed27-4b3f-87e3-209198802f67	POST	/post	undefined
2023/03/06	11:42:36	42afa140-be5c-4aeb-9899-f2fb77a3ef52	POST	/refresh	undefined
2023/03/06	11:42:40	8cd87430-b3e5-4bdb-b8b1-d047afbaa638	POST	/post	undefined
2023/03/06	11:44:36	0f0af7a2-45db-480f-aa30-5a872e9da0c1	POST	/login	undefined
2023/03/06	11:45:02	f39e5225-7e7a-4923-9b80-b40e9eeba23d	GET	/post	undefined
2023/03/06	11:45:17	f5dd1f52-0c14-4f10-a012-af118e401591	GET	/post	undefined
2023/03/06	11:45:18	5d54aeaf-46c2-4694-91a1-1b14163b889a	POST	/refresh	undefined
2023/03/06	11:45:23	b2700df6-7dfe-45b5-80f7-14092c876d3b	GET	/post	undefined
2023/03/06	11:45:37	c114168a-a597-48bc-bd26-eb3366ab3ac5	POST	/login	undefined
2023/03/06	11:45:45	ab87a3ed-f4c9-414b-8794-fbf03794034f	GET	/post	undefined
2023/03/06	11:49:53	cfa151ee-699a-477a-8d51-f409047dc921	POST	/register	undefined
2023/03/06	11:53:35	ede9782d-d074-49b9-86fa-60b9744f1080	GET	/post	undefined
2023/03/06	11:53:37	44c5e69e-d15b-4874-bde6-d65a8da6dff3	POST	/refresh	undefined
2023/03/06	11:53:42	a44b682b-b5fa-4223-8bd5-25732ee15403	GET	/post	undefined
2023/03/06	12:23:18	60825f23-0a10-42b4-8c74-2d44ceeac72e	POST	/login	undefined
2023/03/06	12:23:27	db15dc0a-6320-41c2-938a-e7bb42b9697e	GET	/post	undefined
2023/03/06	12:23:37	88031377-e7eb-4a94-b2a0-e4bba7f7c50b	POST	/login	undefined
2023/03/06	12:23:42	8711175d-e8a5-4742-857c-ed9a3354b385	GET	/post	undefined
2023/03/06	12:23:50	7bb75d27-dadc-406b-b1ce-cf7d3adfbe17	POST	/login	undefined
2023/03/06	12:23:50	8ae91760-4432-46b6-a8f4-bf7e2a30e170	POST	/login	undefined
2023/03/06	12:23:57	d36df94c-8153-4159-b428-013fea74594c	GET	/post	undefined
2023/03/06	12:24:59	c3a0183c-6874-4351-9de1-72598b33e847	POST	/login	undefined
2023/03/06	12:25:05	22b0ecf5-0737-4108-bd24-8db8ee405367	GET	/post	undefined
2023/03/06	12:28:01	4edc6eb6-6bb4-4721-b7ba-733fc40e0bfc	POST	/login	undefined
2023/03/06	12:28:07	b078d8c9-3662-4aaa-b944-2cebff0e4d52	GET	/post	undefined
2023/03/06	12:28:24	84531cc8-2684-478e-87dd-e32ed7fdbbf8	GET	/post	undefined
2023/03/06	12:28:26	16a238bf-9e9a-46ad-a8f0-983bbbd36222	POST	/refresh	undefined
2023/03/06	12:28:30	f71585e9-1d60-4410-ac09-3225fdeaaa59	GET	/post	undefined
2023/03/06	12:28:37	216c402c-4e70-4754-bedb-1395c592c66d	POST	/login	undefined
2023/03/06	12:28:42	fcea8ebd-b1b2-40ac-b409-98396f7bb380	GET	/post	undefined
2023/03/06	12:31:26	e609eacd-7f9e-417d-aeb5-96ac906c2250	POST	/login	undefined
2023/03/06	12:31:33	e8f43bc2-0e9e-412b-b848-2e7cd746bb51	GET	/post	undefined
2023/03/06	12:31:54	2717520d-feee-4fbc-819f-dde7c046c7f8	POST	/login	undefined
2023/03/06	12:31:58	73ce1816-56b5-4f5d-9dcc-c43f9de015a2	GET	/post	undefined
2023/03/06	12:32:15	18ebe076-7ecc-4dcb-aecc-e9c1659639a3	POST	/login	undefined
2023/03/06	12:32:20	6e45cb7c-8675-40f0-9f33-5b7f32074ee9	GET	/post	undefined
2023/03/06	12:32:46	61673e7b-06ed-4da6-bcaa-bfdfe8f1bd1a	POST	/login	undefined
2023/03/06	12:33:04	3efa5d38-b5ed-4a9d-acf6-2922c8e78c31	POST	/post	undefined
2023/03/06	12:33:21	fe0e43f7-804c-4c7b-b720-65ab4786ac42	POST	/post	undefined
2023/03/06	12:33:23	befbc4e7-3cda-412f-afdf-960a6a08f209	POST	/refresh	undefined
2023/03/06	12:33:29	a6a8fb05-6fb7-42ee-940d-d9796a0e67bb	POST	/post	undefined
2023/03/06	12:33:35	d66955cd-1e81-4b31-bd8b-807130536eb3	POST	/login	undefined
2023/03/06	12:33:51	4cbf812a-c229-4fc4-bdc2-ccb296cd8c3c	POST	/post	undefined
2023/03/06	12:33:58	7c5f84ad-3978-4e8a-bd2d-5125b95edade	POST	/post	undefined
2023/03/06	12:34:00	7c4790de-bba1-4925-bfe0-eab139791046	POST	/refresh	undefined
2023/03/06	12:34:06	3ed71fb3-ffac-42a8-9d7c-e2aba9754973	POST	/post	undefined
2023/03/06	12:35:00	0e702670-32b2-4809-9859-d91a2d3dde3e	POST	/login	undefined
2023/03/06	12:35:07	bb124d00-75fa-4551-aeab-497647ccdd2f	GET	/post	undefined
2023/03/06	12:35:26	dd5e7771-05ea-4619-94e3-7bc51aac26b8	POST	/login	undefined
2023/03/06	12:35:29	3062e9cf-6c8e-4927-987d-3c0894818a04	GET	/post	undefined
2023/03/06	12:35:39	c827ac9b-58b8-49d9-affc-8db334411e4a	GET	/post	undefined
2023/03/06	12:36:15	92fca46d-dfca-4931-9e2e-33d78aa4cd01	POST	/login	undefined
2023/03/06	12:36:39	a53acb11-7a57-4663-8a55-3c025c034ace	GET	/post	undefined
2023/03/06	12:36:41	ecad2d22-ad08-4f0b-bb46-164e8024b149	POST	/refresh	undefined
2023/03/06	12:36:45	755a9ff3-e4ae-4e42-b373-8cebd415df1f	GET	/post	undefined
2023/03/06	12:36:56	9d18a373-4949-4dac-be9f-346ff622f9d9	POST	/login	undefined
2023/03/06	12:37:03	42da5376-3c32-417d-9e1f-3248703c196f	GET	/post	undefined
2023/03/06	14:14:46	6fc961fe-12f9-479b-aa06-7c4c4020704a	GET	/	undefined
2023/03/06	14:14:46	bab43aa6-77dd-48fa-928b-4bf5e991f6b8	GET	/css/style.css	undefined
2023/03/06	14:15:38	3adf48bd-02be-4211-b4e8-a6843c17ce7d	POST	/login	undefined
2023/03/06	14:22:24	14d5f14c-9326-44bb-8ec6-23346fd2590a	DELETE	/post	undefined
2023/03/06	14:22:31	95739ce7-2835-489e-ac15-a42c6560850d	POST	/login	undefined
2023/03/06	14:22:49	964b2a72-6d17-4fbf-9af2-cf0cbf9dbad1	DELETE	/post	undefined
2023/03/06	14:23:04	23650fa4-483a-4460-ae2a-bf521268eeb0	DELETE	/post	undefined
2023/03/06	14:23:15	a84ebacc-55af-4f88-98dd-8b328fd6e06e	POST	/refresh	undefined
2023/03/06	14:23:20	d5cb6a27-fc4b-46bd-bedf-71f7f2ca4006	DELETE	/post	undefined
2023/03/06	14:23:26	915096c9-8cf3-4eba-9395-323eefa71d90	DELETE	/post	undefined
2023/03/06	14:23:31	ecbc34ee-3982-49c3-8377-cfe3fc518481	DELETE	/post	undefined
2023/03/06	14:23:56	a3436ccc-b05f-4be2-9ca8-a809606b6883	DELETE	/post	undefined
2023/03/06	14:23:58	fe32704b-689e-43ce-b573-08dbfa46a3d1	POST	/refresh	undefined
2023/03/06	14:24:03	516c3419-f7ff-4f6b-94e1-c05375caccf8	DELETE	/post	undefined
2023/03/06	14:24:18	23f8502a-b95c-4952-a608-47bbd090a4b0	POST	/login	undefined
2023/03/06	14:24:24	bdd4b2f3-1da1-4d10-b31f-732d67030f76	DELETE	/post	undefined
2023/03/06	15:34:49	fcb90838-b4dc-41e0-87ea-ab1d7946a7d9	GET	/	undefined
2023/03/06	15:34:49	16d4864a-f7bf-4f74-a820-50424c9c4d00	GET	/css/style.css	undefined
2023/03/06	15:34:49	a200d12d-58e5-4f6c-9fab-405a9f925977	GET	/favicon.ico	undefined
2023/03/06	15:42:33	4f002e82-42b1-479e-ba7e-d351ce5a46e6	POST	/login	undefined
2023/03/06	15:42:40	430cd7be-5af4-490c-bcfe-5b31a06a10d9	DELETE	/post	undefined
2023/03/06	15:52:12	48e71c74-0411-456e-bccf-df6107641490	POST	/login	undefined
2023/03/06	15:52:18	eb56baad-6724-49e9-a0b8-c502ac4934e7	DELETE	/post	undefined
2023/03/06	15:52:47	acd381dd-90c6-4817-af60-b1c0641ddfa1	DELETE	/post	undefined
2023/03/06	15:52:52	9fcd8108-183c-40b5-b90a-57675527063d	POST	/refresh	undefined
2023/03/06	15:52:58	de4a280e-cb1f-4ff8-af02-2a7dd7e7761c	DELETE	/post	undefined
2023/03/06	15:53:02	8a035789-103b-4b16-8bce-b568d01fca93	POST	/login	undefined
2023/03/06	15:53:08	a1405b11-ff5c-459a-b340-af1d209ad36b	DELETE	/post	undefined
2023/03/06	15:54:15	c01095a4-93eb-48c9-9dd7-cd91c874bf29	POST	/login	undefined
2023/03/06	15:54:21	dbcc26ca-2d82-4696-b2e6-77a4365e98c8	DELETE	/post	undefined
2023/03/06	15:55:22	cdbbffbf-88b1-4742-ad90-b73839e5c7c6	POST	/login	undefined
2023/03/06	15:55:32	fb2471f1-af5f-4f8c-8ba2-a300b2b3b5c9	DELETE	/post	undefined
2023/03/06	15:55:44	fdd21f20-0b24-4e30-936d-e8c9f85cda70	DELETE	/post	undefined
2023/03/06	15:55:48	4ba4da84-e423-49e2-83b2-018ff7fd5def	POST	/refresh	undefined
2023/03/06	15:55:53	489c6247-3d38-48bd-ad85-c4770466edf6	DELETE	/post	undefined
2023/03/06	16:00:26	52fbcba5-9a7b-43c2-90ab-c4a10e562172	POST	/login	undefined
2023/03/06	16:00:38	be02e4cd-9dc8-4199-8ea7-bca6233e59c5	DELETE	/post	undefined
2023/03/06	16:02:40	5b02cae7-748f-47ed-8586-6b07d3326a8c	POST	/login	undefined
2023/03/06	16:02:46	a59a90de-1c25-4a80-bc6f-1388073c32b0	DELETE	/post	undefined
2023/03/06	16:03:47	efabbc2e-5215-4e76-bcc9-36d6bea1a16a	POST	/login	undefined
2023/03/06	16:03:56	f182bdd0-955f-46a7-abbf-45d0d9e6fc47	DELETE	/post	undefined
2023/03/06	16:04:43	25d16bda-2d03-44e9-bbc4-9eb29020f262	DELETE	/post	undefined
2023/03/06	16:04:47	06fb703a-d197-42f4-98f9-b826336341ab	POST	/refresh	undefined
2023/03/06	16:04:52	0bf90d4a-6c7e-48d5-ac35-10fa93b71303	DELETE	/post	undefined
2023/03/06	16:06:45	1e79d1dd-478b-4345-8f0a-c62dd276a1b4	POST	/login	undefined
2023/03/06	16:06:45	8be48846-c9a3-4573-be18-25959e553eb2	POST	/login	undefined
2023/03/06	16:06:50	d49b9798-3824-4b7e-a20d-b71ac65f1951	DELETE	/post	undefined
2023/03/06	16:07:15	84d159db-b644-4fc3-b9d3-180d37877ca0	DELETE	/post	undefined
2023/03/06	16:07:17	01e4a706-7c11-45e0-b7e7-45ededaee4a0	POST	/refresh	undefined
2023/03/06	16:07:22	7829fe88-839d-4b41-b64c-07a223fb38ae	DELETE	/post	undefined
2023/03/06	16:08:01	0f1177cf-dafd-4a82-8423-3714eecad11e	POST	/login	undefined
2023/03/06	16:08:06	ac1eafec-5a07-454a-8ee0-8746d3f12618	DELETE	/post	undefined
2023/03/06	16:08:50	ccfffe19-d706-43f9-b50f-498f0be3ba8c	POST	/login	undefined
2023/03/06	16:08:54	fe729132-edaa-48ec-ae7c-a0be301df095	DELETE	/post	undefined
2023/03/06	16:10:06	4fb34ff0-e8c6-4445-8108-527b6ac3fe4e	POST	/login	undefined
2023/03/06	16:10:12	7a172531-d2b7-42e1-a0b3-8b107597bde7	DELETE	/post	undefined
2023/03/06	16:11:32	6cd859ec-123e-42ae-b93c-19daed1730ce	POST	/refresh	undefined
2023/03/06	16:11:37	6c17ea1b-b397-4b10-8696-547d59d115c1	DELETE	/post	undefined
2023/03/06	16:16:21	ba71676b-ce6f-439d-a114-bda82efbb32c	POST	/refresh	undefined
2023/03/06	16:16:25	7f3e34b1-ed3b-4a39-be7c-bb3f539e3bc1	DELETE	/post	undefined
2023/03/06	16:17:02	990ab336-6d83-4084-9fc8-b346bf517525	POST	/refresh	undefined
2023/03/06	16:17:06	0f01c379-375d-44c2-9776-1bfc3e6fa3b6	DELETE	/post	undefined
2023/03/06	16:20:06	93eb98b1-afd6-4133-9f21-81cc50ed190a	POST	/refresh	undefined
2023/03/06	16:21:05	3230cd61-50d9-43f5-9eb2-d5e727c060ea	POST	/refresh	undefined
2023/03/06	16:21:32	259bee3d-b1d5-4c10-8155-56360e5986f7	POST	/refresh	undefined
2023/03/06	16:21:37	831a22bb-be42-4420-b44f-193fae78970a	DELETE	/post	undefined
2023/03/06	16:22:05	b4f25bd9-9d58-4824-9ef1-5dca06ea41b3	DELETE	/post	undefined
2023/03/06	16:22:07	40dbb742-6a81-43e4-a8dd-35735696f16f	POST	/refresh	undefined
2023/03/06	16:22:21	4b19d55c-dd4a-4f67-9f2b-b1541fad7520	DELETE	/post	undefined
2023/03/06	16:24:32	aa78c1e9-d212-4926-a342-25186890cd3a	POST	/login	undefined
2023/03/06	16:24:43	8cea47de-96a4-477e-abd0-74ec27ddc8de	GET	/post	undefined
2023/03/06	16:25:38	e94b4681-3e3d-4ab9-a3af-38e3bb28ea4c	GET	/post	undefined
2023/03/06	16:25:40	36301940-ca45-4983-a421-c92836ec489b	POST	/refresh	undefined
2023/03/06	16:25:44	802567d4-2080-40ce-ac65-2acb242cb4ba	GET	/post	undefined
2023/03/06	16:29:29	ac4828f5-68a9-444e-b018-e5a0cb25ef2c	POST	/register	undefined
2023/03/06	16:29:29	111a2f1f-98f0-4d7f-9b05-366374db2f58	POST	/register	undefined
2023/03/06	16:29:31	893f9392-57cf-450a-af08-50a8dc2b3c3d	POST	/login	undefined
2023/03/06	16:33:23	46dd3f37-5b14-448c-b3b6-fc72083b3679	DELETE	/post	undefined
2023/03/06	16:34:07	b4a9f2dd-73e6-45af-b5e7-f385bcd57cd6	POST	/refresh	undefined
2023/03/06	16:34:16	eff15fbc-b34f-49a4-92dd-d2b41f930500	DELETE	/post	undefined
2023/03/06	16:34:24	758431d2-9166-463b-b57c-558d1b5d8ff4	DELETE	/post	undefined
2023/03/06	16:34:31	3ecef8a8-8615-4bd6-8936-77a3efdb8545	DELETE	/post	undefined
2023/03/06	16:34:33	ff8abea2-753c-4814-abd5-b63d660411ae	POST	/refresh	undefined
2023/03/06	16:34:38	6868dc07-9220-4a6f-b631-200590d80205	DELETE	/post	undefined
2023/03/06	16:35:52	47b78965-8d67-4512-a776-a666b65cf7bf	POST	/login	undefined
2023/03/06	16:36:04	fdd7085b-5116-43c1-9749-a83a0d2ec6a0	DELETE	/post	undefined
2023/03/06	16:36:44	ee517e5a-a5a9-4fc7-8554-a647f0f85fa9	POST	/refresh	undefined
2023/03/06	16:36:53	a351f138-a6b2-4b38-9b6a-21ab1fc18cca	DELETE	/post	undefined
2023/03/06	16:37:43	37781a02-0fce-4c39-8e99-3aa1c557eee6	POST	/refresh	undefined
2023/03/06	16:37:48	157f8e26-260f-44a0-bed8-e478f02ad913	DELETE	/post	undefined
2023/03/06	16:37:52	405b6c0d-6abe-4520-866f-3383ff4f221e	POST	/login	undefined
2023/03/06	16:37:56	8b4732af-e9ce-4571-8470-89efac876673	DELETE	/post	undefined
2023/03/06	16:38:18	0325aa76-c580-4832-b529-ddaa162bac10	DELETE	/post	undefined
2023/03/06	16:38:20	c7348d5a-d5d5-47ce-932b-bb5c2cf40789	POST	/refresh	undefined
2023/03/06	16:38:26	4ff4f70b-c1e5-4eac-8321-5beb7585ce55	DELETE	/post	undefined
2023/03/06	16:39:19	468c5780-e041-45e5-88c1-15e3389fa2cc	POST	/login	undefined
2023/03/06	16:39:25	ec311e12-b7e1-4547-8657-297410e7be9b	DELETE	/post	undefined
2023/03/06	16:42:32	6a2f1377-a9a7-44d3-aaf1-f951d1469379	POST	/login	undefined
2023/03/06	16:42:37	0a201bbe-7b0e-4d68-8d5a-6a8db170b5d4	DELETE	/post	undefined
2023/03/06	16:44:12	877a9704-24ac-4f56-a0e4-a1a8cb18eca3	DELETE	/post	undefined
2023/03/06	16:44:14	e7e6d246-51bd-4857-aa8e-0ddfebb8fc98	POST	/refresh	undefined
2023/03/06	16:44:20	7a35185c-caab-45dd-a1ea-6eb14259ee9c	DELETE	/post	undefined
2023/03/06	16:44:37	862fb866-3ed0-43ed-b043-82058348e969	POST	/login	undefined
2023/03/06	16:44:39	d642c2e8-9c6d-483b-8a61-2dd61a9d77c9	POST	/login	undefined
2023/03/06	16:44:43	a7b72296-77af-47d6-a927-a2b20e09224e	DELETE	/post	undefined
2023/03/06	16:45:42	1013ea59-a460-48ff-a0e4-baa50a2240f4	DELETE	/post	undefined
2023/03/06	16:45:46	cf88bcfb-89c4-4ddf-b6dd-e01d813932b8	POST	/refresh	undefined
2023/03/06	16:45:50	bbc41e28-2627-4a4c-82cf-e8ddc3f9127f	DELETE	/post	undefined
2023/03/06	16:46:13	2a42828a-478c-4986-a6a9-2e91eca9f2b7	POST	/refresh	undefined
2023/03/06	16:46:19	e9a8ebee-629e-4696-a3bf-46e7a8ad1438	DELETE	/post	undefined
2023/03/06	16:46:33	a4299efd-b4a1-4134-962c-a9049082bf68	DELETE	/post	undefined
2023/03/06	16:46:34	b689117a-7711-47c3-ad71-76387e7f9742	POST	/refresh	undefined
2023/03/06	16:46:39	76e410ef-a697-46b3-9542-6d7f65eef946	DELETE	/post	undefined
2023/03/06	16:47:32	435ad922-01ce-4c91-bfff-71df2626f4eb	GET	/post	undefined
2023/03/06	16:47:34	5d96b237-eee0-49eb-957b-5ca255938fcf	POST	/refresh	undefined
2023/03/06	16:47:40	60737882-746c-4f83-a5d1-b36a084426f2	POST	/refresh	undefined
2023/03/06	16:47:50	bc10ceb4-945d-4bd1-b47a-997fec6f0212	POST	/refresh	undefined
2023/03/06	16:47:55	51c35ac1-b9b2-4a9b-aaea-ad26664c1e2b	GET	/post	undefined
2023/03/06	16:48:03	02cdd449-e396-4fb2-b33d-212b2c5bb858	POST	/login	undefined
2023/03/06	16:48:09	37b1dec4-c7ae-4a68-a469-69e769c3440a	GET	/post	undefined
2023/03/06	17:01:51	a43a84c1-1bae-4b0b-b9ee-2b0cb4ea6e2a	POST	/login	undefined
2023/03/06	17:01:59	7341e9c9-94e5-405f-85b5-22f3e4cc4803	GET	/post	undefined
2023/03/06	17:02:06	ae4441e0-8f2b-49ff-9f5e-2330464f4434	DELETE	/post	undefined
2023/03/06	17:02:17	99ce4f17-2192-4605-981e-994fc9a3ca20	DELETE	/post	undefined
2023/03/06	17:02:18	b748708d-91cc-4bfc-b671-6300ede41bda	POST	/refresh	undefined
2023/03/06	17:02:23	2b6aafd0-e984-4b70-8440-3061e221b7ef	DELETE	/post	undefined
2023/03/06	17:05:17	d74894e6-aa48-4744-bef1-03b0b5d91b11	POST	/login	undefined
2023/03/06	17:05:22	c787e6fa-76a3-4dd0-b388-c362a09bb93c	DELETE	/post	undefined
2023/03/06	17:05:35	6ff3c356-7cac-437d-b5f4-10e03eaa47fd	POST	/refresh	undefined
2023/03/06	17:05:39	85928ea1-2f8a-41ab-a3cb-70f0911b2688	DELETE	/post	undefined
2023/03/06	17:06:50	17e3373b-c5e1-404a-8fb7-d4ccc5c1afb5	POST	/refresh	undefined
2023/03/06	17:06:54	efc4d2ac-ce0b-44b6-8dc3-a25588e57592	DELETE	/post	undefined
2023/03/06	17:07:07	a761cf25-cc44-4d3c-8e54-93f89b769aff	POST	/refresh	undefined
2023/03/06	17:07:12	7b96acce-1508-41a4-8fef-02dc8f284798	DELETE	/post	undefined
2023/03/06	17:07:54	615dab0f-4d55-46b3-a450-81cbb13cce96	POST	/refresh	undefined
2023/03/06	17:07:59	9bb1ea8e-cf5a-4ba6-bd81-2bc74c921102	DELETE	/post	undefined
2023/03/06	17:08:36	e26509f7-6a23-44ac-812b-a77ca1a091e0	POST	/refresh	undefined
2023/03/06	17:08:41	6155862b-55e9-47d9-82ba-4626b551007f	DELETE	/post	undefined
2023/03/06	17:08:48	b9fb5e10-4830-4893-8ba5-4405afc3fc29	DELETE	/post	undefined
2023/03/06	17:08:58	1dd146c3-22e4-47e5-9fdf-fb70d7c4c902	POST	/login	undefined
2023/03/06	17:09:19	5f074995-fb4e-42d8-be4f-98cf64788851	DELETE	/post	undefined
2023/03/06	17:09:22	28e52c64-14d2-440f-b83e-a0fa8e93853a	POST	/refresh	undefined
2023/03/06	17:09:26	44e7fbb3-5a16-44bf-ba6b-41a935c732ba	DELETE	/post	undefined
2023/03/06	17:09:43	c9e3417e-2c00-40d7-adf0-029897df603c	DELETE	/post	undefined
2023/03/06	17:09:44	df556bf9-e35f-4c4e-9110-f3a0ecbe21d8	POST	/refresh	undefined
2023/03/06	17:09:50	440eb766-ebfb-427b-baac-5bcbe622f230	DELETE	/post	undefined
2023/03/06	20:47:17	7a986e9d-272c-4c84-b5af-37bceae3a7df	GET	/	undefined
2023/03/06	20:47:17	3b9c4153-0b80-4207-9dab-fc4bf11dd10f	GET	/css/style.css	undefined
2023/03/06	20:47:17	1cb5a2c4-6e04-4731-a90a-ea78a603ec36	GET	/favicon.ico	undefined
2023/03/06	20:55:12	c0abea22-add7-4faf-9803-9231331470d7	POST	/login	undefined
2023/03/06	20:55:21	254eecc7-12a6-43c7-b73e-c02bdce3922b	DELETE	/post	undefined
2023/03/07	00:03:31	85f082fd-3947-4073-8eb3-a01a679cc961	POST	/login	undefined
2023/03/07	00:03:47	dc4bedca-6ca1-4fb0-8161-550dc47336f7	POST	/login	undefined
2023/03/07	00:03:53	92705978-a55a-47df-8e65-a95e8712af23	POST	/post	undefined
2023/03/07	00:04:40	c09a37cb-d124-40ae-8052-7f12d8a666db	POST	/login	undefined
2023/03/07	00:04:55	895f610c-fb48-41e9-bba6-18df86e7f8f0	POST	/post	undefined
2023/03/07	00:05:12	9d060a18-1f1b-4a46-86cc-91869b6913ff	POST	/post	undefined
2023/03/07	00:05:16	c716d472-ff10-473c-bac2-07b2728b02f3	POST	/refresh	undefined
2023/03/07	00:05:21	b72b109e-4223-49be-b212-45d2ac466b64	POST	/post	undefined
2023/03/07	00:05:35	73a0b359-1a97-461c-91b0-0192ab1765a1	POST	/post	undefined
2023/03/07	00:05:46	23eb36ac-c79a-444a-85d8-ef4342d1862f	POST	/login	undefined
2023/03/07	00:06:12	45b66b60-7593-44aa-8004-f3123fa00a3a	POST	/post	undefined
2023/03/07	00:06:14	7b5efeb7-f421-4a0c-b1ac-6495ae02aea9	POST	/refresh	undefined
2023/03/07	00:06:19	a87d599d-eceb-4402-a1e9-8be787dcf69c	POST	/post	undefined
2023/03/07	00:06:24	1c691cce-27bf-4fa9-9b7b-06d570170aa4	POST	/post	undefined
2023/03/07	00:06:29	afa7fa6d-7559-41df-9591-0dd06471f989	POST	/post	undefined
2023/03/07	00:07:08	548c6240-4da6-4d3c-b5a6-d6a2d5084e31	POST	/login	undefined
2023/03/07	00:07:22	ce149f7f-d19a-4401-bb0d-5f64cd8a6a09	POST	/post	undefined
2023/03/07	00:07:27	0295d41d-cba1-43ee-b95b-27dbfa498ecd	POST	/post	undefined
2023/03/07	00:07:34	9a9001f1-4c87-4c08-8e9b-1d9fefe6ac30	POST	/post	undefined
2023/03/07	00:07:36	302fe34b-cefe-41d5-ac28-03eefff9a925	POST	/refresh	undefined
2023/03/07	00:07:40	405c1788-e10a-49ae-a5b9-3eda183b2f21	POST	/post	undefined
2023/03/07	00:08:07	6d743a39-dbfb-4f60-af1c-a3b1ccc8fe78	POST	/login	undefined
2023/03/07	00:08:22	fe85c62a-a33b-43d1-b17a-85dac372dbde	DELETE	/post	undefined
2023/03/07	00:08:33	ae002795-6a08-4577-b78a-eeb77626f806	DELETE	/post	undefined
2023/03/07	00:08:36	b73e080f-30bd-4ec5-a8b6-1850cb694e5d	DELETE	/post	undefined
2023/03/07	00:08:38	e57693a8-5aa3-4ff5-9b88-88625e6e6d9c	POST	/refresh	undefined
2023/03/07	00:08:43	c9552491-6cfa-4d70-9253-9f45d474b70d	DELETE	/post	undefined
2023/03/07	00:08:55	414688d0-79c6-4628-b003-901a67132a4f	DELETE	/post	undefined
2023/03/07	00:09:21	393aa38f-9aaa-4a01-8fa0-d3f3af7ae00f	DELETE	/post	undefined
2023/03/07	00:09:24	2e1191d2-a6d3-48a2-958c-076387081022	POST	/refresh	undefined
2023/03/07	00:09:28	68d42a06-2edf-40fc-be7c-9c31af301ed5	DELETE	/post	undefined
2023/03/07	00:09:47	1f3509e9-bd47-4639-958e-1711f6645dfb	POST	/login	undefined
2023/03/07	00:09:58	ec3a7f4f-a3b7-4e7a-a60e-3e3896bf85b2	DELETE	/post	undefined
2023/03/07	00:10:03	2cc0144f-1b58-4da7-b2e2-0c3841a530a8	POST	/refresh	undefined
2023/03/07	00:10:08	ac494b07-72ed-4a20-81ea-8fbefa064045	DELETE	/post	undefined
2023/03/07	00:10:25	d0da544d-8f64-485e-9851-27a65a18c2c6	DELETE	/post	undefined
2023/03/07	00:10:27	11f5e95f-a387-4fb3-9448-23167eeed133	POST	/refresh	undefined
2023/03/07	00:10:32	470b482d-9038-4735-91a3-93c28e0ea676	DELETE	/post	undefined
2023/03/07	00:24:51	801e92ad-8f59-4219-9747-39e85064b552	POST	/login	undefined
2023/03/07	00:25:01	bd6a932d-dde7-49ca-8902-a17f88abcbf6	PUT	/post	undefined
2023/03/07	00:25:19	8da1e25e-eb37-41a0-8d31-c6c92670e17e	POST	/refresh	undefined
2023/03/07	00:25:24	d49fd4dd-2241-4659-aa38-7b0e77d1d769	PUT	/post	undefined
2023/03/07	00:39:00	1fbfd753-904e-400f-ac02-0c4382623a2b	PUT	/post	undefined
2023/03/07	00:39:01	eda40124-0cab-44f3-80ae-e2e0cdd4b189	POST	/refresh	undefined
2023/03/07	00:39:06	838e36fa-2b8d-44bb-958f-f8ec8f239ac8	PUT	/post	undefined
2023/03/07	00:40:07	bf8aef2e-b975-4a2c-a5cf-266d5d2d10e7	POST	/login	undefined
2023/03/07	00:40:20	38d94c30-c264-444e-963e-cf2b5bec04b9	PUT	/post	undefined
2023/03/07	00:40:23	81c0b8ee-5d2e-4273-90c1-375faa67198e	POST	/refresh	undefined
2023/03/07	00:40:29	0bc400a6-e55d-476f-ae5d-12048490c571	PUT	/post	undefined
2023/03/07	00:40:57	f51e8a91-e8a4-4b6b-a379-b6f46aebb491	PUT	/post	undefined
2023/03/07	00:40:58	196590eb-2fe5-42ee-8377-2a97de3fd2b0	POST	/refresh	undefined
2023/03/07	00:41:06	c1f2e767-65a2-4cdf-8914-947148cc8723	PUT	/post	undefined
2023/03/07	00:41:27	e7fb121d-204d-4610-8746-858ac9109191	POST	/login	undefined
2023/03/07	00:41:34	31b04c9c-cd2e-4961-b0a3-ff7591332963	PUT	/post	undefined
2023/03/07	00:41:46	a5612498-8137-465d-bbf1-9081c7ddded0	POST	/refresh	undefined
2023/03/07	00:41:50	f531c3ba-9c40-4c9c-a3a3-a96767f460fa	PUT	/post	undefined
2023/03/07	01:06:37	427c1223-8bd0-4582-9f60-2aa6c83f9894	GET	/post	undefined
2023/03/07	01:17:16	b4f69646-1736-4167-8964-fa6a52b8e72f	GET	/post	undefined
2023/03/07	01:17:20	c1833dfb-7be6-4e82-b6c9-f1fdbda1094a	GET	/public-posts	undefined
2023/03/07	01:17:55	2bbf8d55-955e-42d0-9a6d-1991bf8ee58f	GET	/public-posts	undefined
2023/03/07	01:23:58	b6a3ddee-7a03-438d-a5ed-4e00fb775882	GET	/public-comment	undefined
2023/03/07	01:24:31	3525da8c-d42f-4783-9b68-3adebd12b54d	GET	/public-comment	undefined
2023/03/07	10:19:13	c396a80a-6e71-4673-84ff-26fad1986019	GET	/	undefined
2023/03/07	10:19:13	26d1a125-4513-4b06-84dc-69d7155c6e1e	GET	/css/style.css	undefined
2023/03/07	10:19:13	4da3e042-b9be-48dd-8626-66c794ddab76	GET	/favicon.ico	undefined
2023/03/07	10:19:16	2882aca1-38c6-48b1-9f15-ecf255b9c7f3	GET	/	undefined
2023/03/07	10:19:16	6411818d-e538-4365-88a6-086c426ca14f	GET	/css/style.css	undefined
2023/03/07	10:19:16	2572e794-d7f9-48d0-9361-3d736266199b	GET	/favicon.ico	undefined
2023/03/07	10:20:49	42fa2841-e056-4155-ace9-b341e3e6756f	GET	/comment	undefined
2023/03/07	10:20:56	966a9ed6-dc7c-4181-b16f-2ca8e04a8869	POST	/login	undefined
2023/03/07	10:21:04	87f936ef-9cc6-4828-91cd-ed2ef385e606	GET	/comment	undefined
2023/03/07	10:21:10	986f5006-f0c2-4bb5-9826-f067bd747e81	POST	/comment	undefined
2023/03/07	10:21:14	5ac711bb-2673-494b-96d0-f7ede0a8c212	DELETE	/comment	undefined
2023/03/07	10:21:19	cbf7ee1d-698d-4cad-9c2c-54a1162634b8	PUT	/comment	undefined
2023/03/07	10:21:22	34700d4e-82f3-4de8-be25-0c1c5f93e5c7	POST	/refresh	undefined
2023/03/07	10:21:26	fe316a10-084c-4854-8705-ffd043640a5d	PUT	/comment	undefined
2023/03/07	10:22:52	efacf16a-6a74-4b2e-9704-179246a1ffa1	GET	/	undefined
2023/03/07	10:22:52	2988d2b1-f7c5-4808-b786-715cd670e6d4	GET	/css/style.css	undefined
2023/03/07	10:22:52	c5c404a8-0207-45e5-9123-660d857a439d	GET	/favicon.ico	undefined
2023/03/07	10:23:03	488a1d21-cb48-418c-afd8-7432be7138f3	GET	/	undefined
2023/03/07	10:23:03	11755828-ef79-4a36-893a-bc1cc20f7525	GET	/css/style.css	undefined
2023/03/07	10:23:03	cd3638f8-98de-4a68-b4d7-651c718ac4b1	GET	/favicon.ico	undefined
2023/03/07	10:38:18	a033dfd3-d5dd-415a-b84f-acb6937781bf	POST	/refresh	undefined
2023/03/07	10:38:25	a642e5ea-9a8f-4b2f-9ae0-dc3bfce51426	GET	/post	undefined
2023/03/07	10:40:06	efb4fe34-1a46-472c-bf8c-2b3345f99b51	POST	/refresh	undefined
2023/03/07	10:40:12	57814e8f-55a5-43c6-9900-870928fda5ff	POST	/post	undefined
2023/03/07	10:41:10	ddcd0fb3-f656-484d-89e7-4f4c52c2c7c2	POST	/refresh	undefined
2023/03/07	10:41:14	fddad581-77c6-46bb-8c9a-82f415725352	POST	/comment	undefined
2023/03/07	10:41:25	d7fe7586-2d37-4e36-8a53-fa3b9aea9814	DELETE	/post	undefined
2023/03/07	10:41:27	84e302b5-9fe1-4714-a3f8-aebdadbc0d82	POST	/refresh	undefined
2023/03/07	10:41:30	56aad9f3-ee8c-4c2d-b8b5-64628b087202	DELETE	/post	undefined
2023/03/07	10:41:37	b38578d7-5ec2-49fa-91ac-f4dd5234e460	DELETE	/post	undefined
2023/03/07	10:42:46	237d08b8-5057-4f2b-b322-5bfce2ece875	POST	/refresh	undefined
2023/03/07	10:42:52	94e62ba5-2ba1-445c-b888-f9c4bebd47cc	POST	/post	undefined
2023/03/07	10:43:02	7a07b0df-da01-4130-ad9f-fc03836f83d6	POST	/refresh	undefined
2023/03/07	10:43:09	462585b0-43b9-4888-ae68-803f5fc18d54	DELETE	/post	undefined
2023/03/07	10:43:15	38373c99-c09f-4eb6-aaa7-b69561436b76	DELETE	/post	undefined
2023/03/07	12:17:09	1cf3beed-7f2d-4719-b48e-321c9654f655	POST	/login	undefined
2023/03/07	12:17:41	e6001e1f-40d8-4429-8baf-514b208322b3	POST	/refresh	undefined
2023/03/07	12:18:08	eca418f6-04f2-4e25-bb5b-b8cc66d2d13f	POST	/refresh	undefined
2023/03/07	12:18:17	7da59dc2-c4f3-4746-9d16-a54bce047291	POST	/comment	undefined
2023/03/07	12:19:29	46ae7420-8e6c-4c95-a0a8-65dfbea8ea4b	POST	/refresh	undefined
2023/03/07	12:19:34	956e0358-3fdd-46d2-94f8-41209a2b66f0	POST	/comment	undefined
2023/03/07	13:16:11	4794a44b-68c0-483d-bb1a-8bd954fa300b	POST	/refresh	undefined
2023/03/07	13:16:25	4a42e26e-38c9-43f5-87dc-64724e7ff3ae	POST	/comment	undefined
2023/03/07	13:21:18	d74897df-23e1-4984-801a-dfde46faba01	GET	/public-comments	undefined
2023/03/07	13:21:32	0d6a3c24-b3e3-4668-80bf-5777bf6eb887	GET	/public-comments	undefined
2023/03/07	13:21:35	7fdfb7b2-1b5d-421f-b090-7259ba0adcb4	GET	/public-comments	undefined
2023/03/07	13:22:29	423de74f-2566-4aa1-ba46-ebc02e17c5d4	GET	/public-comments	undefined
2023/03/07	13:23:40	ea8cd17e-3f48-4959-9986-c60cb2af2562	GET	/public-comments	undefined
2023/03/07	13:23:55	2ac15d3f-c079-4db3-beef-77c61dd091bb	POST	/login	undefined
2023/03/07	13:24:16	4c677098-d9b0-4ac5-baf3-6b6e6ffc7ed3	POST	/comment	undefined
2023/03/07	13:24:18	28a345ac-8ea6-4fe3-99f1-218da3ace24f	POST	/refresh	undefined
2023/03/07	13:24:25	e522bf22-5e2b-48dd-9f13-fe3a3fc681f2	POST	/comment	undefined
2023/03/07	13:24:30	ddc65d2c-533e-4383-8c4e-3aabb8ab85ed	GET	/public-comments	undefined
2023/03/07	13:25:45	d7c17459-5ed0-410e-a2d8-cfdd749c9c9c	GET	/public-comments	undefined
2023/03/07	13:26:34	3b1678df-c5d0-48cf-a02b-7f5940b9ea67	GET	/public-posts	undefined
2023/03/07	13:40:48	6b81e59b-2d05-4166-b8f2-43f8c3f1d975	POST	/login	undefined
2023/03/07	13:41:17	20ee826a-ac5f-4d65-8cb0-8d558e25ac4b	POST	/refresh	undefined
2023/03/07	13:41:22	6de77312-5b73-426a-a9c9-25892b340669	DELETE	/comment	undefined
2023/03/07	13:41:25	4d4600e7-ed16-4b3a-9489-d8937a2865b0	DELETE	/comment	undefined
2023/03/07	13:42:14	a85ef69e-2132-49dc-8f68-3233fd842d64	POST	/refresh	undefined
2023/03/07	13:42:19	952fe370-1ecd-4e5a-99c7-fe2561100678	DELETE	/comment	undefined
2023/03/07	13:42:54	8e989d4b-c91e-47dc-a6b7-ab20903ad825	POST	/refresh	undefined
2023/03/07	13:43:03	02868173-2e28-433c-b186-5b8938e3ed3c	DELETE	/comment	undefined
2023/03/07	13:43:28	3adb0f17-d835-43b4-ae0c-a00df6332538	POST	/refresh	undefined
2023/03/07	13:43:37	defcdc52-c766-4e6f-b6cc-c733f18a4605	DELETE	/comment	undefined
2023/03/07	13:43:50	7b9a45d5-0516-4751-9dd9-eabfab8f68af	DELETE	/comment	undefined
2023/03/07	13:43:58	0dbc2030-544f-4e6b-8074-f2e47fb900dd	POST	/refresh	undefined
2023/03/07	13:44:04	59d14650-d59e-4fb8-9813-b125bf6aaef8	DELETE	/comment	undefined
2023/03/07	13:44:11	f249f123-152a-4232-b8a6-5d1ce45f7a67	DELETE	/comment	undefined
2023/03/07	13:45:56	d314397c-d6f2-470e-96ce-5370406d038e	POST	/login	undefined
2023/03/07	13:46:04	ac3f2231-9552-4e79-956c-2190d4bf8d01	DELETE	/comment	undefined
2023/03/07	13:46:10	0a923c6b-82f0-4ce0-af6f-1536a056d7ff	DELETE	/comment	undefined
2023/03/07	13:51:08	5313e4bf-76a1-4948-8f3a-42b5f849b17d	POST	/login	undefined
2023/03/07	13:51:15	2a1b20a7-00e6-47db-958f-d7e4de52f893	POST	/comment	undefined
2023/03/07	13:51:38	d261d47b-9159-484e-9e99-6b4ddc1760f6	POST	/refresh	undefined
2023/03/07	13:51:45	222c2b6e-973f-4b3a-b828-af6538288d87	POST	/comment	undefined
2023/03/07	13:51:53	f7227273-acdc-4018-b52b-18c52ca695a8	POST	/login	undefined
2023/03/07	13:52:21	38d43801-24a5-4477-95d5-6ca5c092a2bb	POST	/refresh	undefined
2023/03/07	13:52:27	ed6e0603-4389-46f8-98d5-cf464de574be	POST	/comment	undefined
2023/03/07	13:52:34	407fea89-a03e-40e6-97d1-c952373a4edb	POST	/comment	undefined
2023/03/07	13:52:49	bbd21859-794b-4ff5-b05a-6723716f2591	POST	/login	undefined
2023/03/07	13:53:09	166949d5-4310-468d-b27f-df987cc6370c	POST	/refresh	undefined
2023/03/07	13:53:20	44d7f241-a461-49bf-8d11-142b5de737ea	PUT	/comment	undefined
2023/03/07	13:53:32	1d7af04f-8b48-4a56-9fca-6f7a43816705	POST	/login	undefined
2023/03/07	13:53:38	ba3ca442-356c-464b-a80d-e947ff4e587f	PUT	/comment	undefined
2023/03/07	13:54:00	f5727503-f43b-4359-b1ef-d2d044411e73	POST	/login	undefined
2023/03/07	13:54:24	7949f583-d3ec-4311-a836-0469dfc8bead	PUT	/comment	undefined
2023/03/07	13:54:26	650f3ea8-ae7b-4ac5-9cd8-b8a004687cd1	POST	/refresh	undefined
2023/03/07	13:54:33	af4b03e6-a292-44f0-8aa8-8439334f9558	PUT	/comment	undefined
2023/03/07	14:06:57	8eb914db-60f1-4be4-bdec-6eabd6682698	POST	/register	undefined
2023/03/07	14:07:54	47cd827b-3f7f-4f39-829c-b1180f67ee32	POST	/register	undefined
2023/03/07	14:25:03	6a590427-8732-46dd-9ea2-0d9b41238009	GET	/user	undefined
2023/03/07	14:25:09	b82cb0bd-8217-49de-bad9-817a3f396b94	POST	/user	undefined
2023/03/07	14:25:13	6e5811b9-f616-45f6-bef9-4dd255a97439	PUT	/user	undefined
2023/03/07	14:25:16	6c4d78c4-42de-4c54-9829-9821086d1567	DELETE	/user	undefined
2023/03/07	15:12:26	e156d4dd-fb97-4787-8a34-210546ea4325	GET	/user	undefined
2023/03/07	15:13:00	66bca63a-461f-4ece-ab55-6b7a40d2781e	GET	/user	undefined
2023/03/07	15:13:34	d2bcdc9d-93d4-40fa-bec8-c5b588e94272	GET	/user	undefined
2023/03/07	15:13:35	8e669dac-d36d-44af-81bd-49a1ac0f10a7	GET	/user	undefined
2023/03/07	15:19:18	51332874-4269-45fd-a75e-6962921b1772	GET	/user	undefined
2023/03/07	15:19:18	dcccdfa5-87dd-4275-9700-dba5b2521aa2	GET	/user	undefined
2023/03/07	15:19:19	6d708fe2-87db-49e9-bb57-9d188a3489f6	GET	/user	undefined
2023/03/07	15:19:43	32eb280a-0392-4a8a-b649-8a83d417816a	POST	/login	undefined
2023/03/07	15:19:49	fa2fbb46-dbfc-43f5-9a8c-0428e87914f2	GET	/user	undefined
2023/03/07	15:21:46	a724c8b8-88a3-4e77-b29a-35fd95dd0e8a	POST	/register	undefined
2023/03/07	15:22:52	4264565e-3f78-4674-8107-496585a336a7	POST	/register	undefined
2023/03/07	15:23:26	854b48e0-163b-4c7c-9d7c-0171d4d539a3	POST	/refresh	undefined
2023/03/07	15:23:36	0e7e9fd1-9dc4-46fd-9efc-1ca3fbf64de8	GET	/user	undefined
2023/03/07	15:23:38	8ad2fbf4-f5b1-4d3e-b5ab-dcce3afe6a2b	GET	/user	undefined
2023/03/07	15:25:34	11f2d7aa-da02-413f-8946-afc9130c60de	PUT	/user	undefined
2023/03/07	15:25:40	b04487d6-aa80-4780-aa1d-ba430e8396c4	POST	/refresh	undefined
2023/03/07	15:25:49	f32144b6-630c-493d-8a80-4737d78a0872	PUT	/user	undefined
2023/03/07	15:26:18	9f39c81c-abc9-4e0e-bcd3-20f0ce625350	POST	/login	undefined
2023/03/07	15:26:23	8c8c52a0-886e-4bc8-bba6-1dee0d32e7a9	POST	/login	undefined
2023/03/07	15:26:43	b2aeb266-9a78-4d1f-a50e-f6356a2ec62e	GET	/user	undefined
2023/03/07	15:26:46	7860121f-2156-423e-92d6-30ec19f3302d	POST	/refresh	undefined
2023/03/07	15:26:51	826a0a72-b9c6-44d7-a4e4-c2a7f2a7b5f6	GET	/user	undefined
2023/03/07	15:27:41	7039c5cf-622e-4605-937c-1c7515a57339	PUT	/user	undefined
2023/03/07	15:27:43	4858e22b-bfe8-41d9-80d7-e5202ae4c511	POST	/refresh	undefined
2023/03/07	15:27:51	ca6234b5-18f3-45d7-91e3-81088c388973	PUT	/user	undefined
2023/03/07	15:27:57	0f2987c1-2785-48a6-b9d1-b47e87d32151	POST	/login	undefined
2023/03/07	15:28:01	ffe58827-718f-476f-81a7-375d17ac771c	POST	/login	undefined
2023/03/07	15:30:15	8367e481-10ba-4eb6-b9cd-140c8c563756	PUT	/user	undefined
2023/03/07	15:30:17	359ab4da-722f-4525-a869-8c25f1a8bf16	POST	/refresh	undefined
2023/03/07	15:30:24	531b3d7e-2020-4b6f-916a-7ee435450dc2	PUT	/user	undefined
2023/03/07	15:30:56	83f05645-86d1-4233-8753-a6627c7a4846	PUT	/user	undefined
2023/03/07	15:30:58	bfd89083-95fc-4693-a78d-89e8f7524c68	POST	/refresh	undefined
2023/03/07	15:31:07	a246306d-e143-4e1d-9a27-cd93c67b16b2	PUT	/user	undefined
2023/03/07	15:31:10	30f717e5-9117-4e20-92ac-05fc0e171113	PUT	/user	undefined
2023/03/07	15:31:49	925ca4fd-3653-46be-9943-0da2a1f06120	POST	/login	undefined
2023/03/07	15:31:58	f11922be-dbf8-47d1-a8d1-7b0bf1895134	PUT	/user	undefined
2023/03/07	15:32:02	09b4f8d5-9c14-4cbc-9816-8199a78a6b25	POST	/login	undefined
2023/03/07	15:32:06	c810c308-c460-4af5-b1fe-19fc674a995c	POST	/login	undefined
2023/03/07	15:39:22	a21058d5-e855-4385-a28e-d70def9bea0f	DELETE	/user	undefined
2023/03/07	15:39:27	e127b8b7-a4ec-4b81-b9d8-7ef1d6d9f864	POST	/refresh	undefined
2023/03/07	15:39:34	c9892040-9737-4b6b-88f0-b8e6af2ec14d	DELETE	/user	undefined
2023/03/07	15:39:39	7063be2d-97ec-4b7d-97cf-6b5d3591b66a	POST	/refresh	undefined
2023/03/07	15:39:41	d045e9ba-e6f1-4199-b4eb-31e6441fef10	POST	/refresh	undefined
2023/03/07	15:40:05	270ebcd1-4856-4f86-b99e-61d571895bd2	POST	/login	undefined
2023/03/07	15:40:12	c6a862b2-126d-428f-92e7-81c7ce5a994b	POST	/login	undefined
2023/03/07	15:40:19	5577785d-58b8-4eeb-948e-addb813204d2	POST	/login	undefined
2023/03/07	15:40:29	0ffb641a-21ea-497c-aa0c-65a574e5f948	DELETE	/user	undefined
2023/03/07	15:51:13	52914652-368f-4597-b3ed-22137739bb30	DELETE	/admin	undefined
2023/03/07	15:51:18	8de8ab0e-2282-418e-8b73-37f1aa48a619	POST	/login	undefined
2023/03/07	15:51:27	63ec377a-a4c8-4c0c-bfc6-416182038c07	DELETE	/admin	undefined
2023/03/07	15:51:31	db5ce9bd-a59c-43fc-8688-f61ed328a0ee	DELETE	/admin	undefined
2023/03/07	15:51:42	1063889b-0115-4f6e-821b-e6d2281e7138	POST	/login	undefined
2023/03/07	15:51:47	ad42fc8e-0ee3-4216-a864-914d22919e11	DELETE	/admin	undefined
2023/03/07	15:52:14	2ac4af2c-8491-462e-9a32-9acf30069b02	DELETE	/admin	undefined
2023/03/07	15:52:18	4279f59e-14b1-42f8-aca9-d93cae8904b5	POST	/refresh	undefined
2023/03/07	15:52:22	d063a850-66e6-40f5-8ce8-d7e2e8ff0101	DELETE	/admin	undefined
2023/03/07	15:52:35	eaeb5f8c-242d-4ebf-949e-363a73b0582a	DELETE	/admin	undefined
2023/03/07	15:52:39	7bb66fab-f76e-4099-bc20-d07ccc9ca9a7	DELETE	/admin	undefined
2023/03/07	15:53:55	5b434edf-7d9f-464e-b0e7-9199d435daa4	POST	/refresh	undefined
2023/03/07	15:54:00	187b1439-c4f2-414b-91fd-2a66dfc2492c	DELETE	/admin	undefined
2023/03/07	15:58:47	20dd87ff-0a6e-4a6f-9d01-52e4cdd6a734	POST	/comment	undefined
2023/03/07	15:58:50	31a5c81f-9fe0-4bf3-833b-811215093991	POST	/refresh	undefined
2023/03/07	15:58:55	e9d80a1c-738a-4e5c-9e11-269b9388645a	POST	/comment	undefined
2023/03/07	15:59:25	da1eea0e-4835-47a3-82ef-195622fdb5d0	DELETE	/comment	undefined
2023/03/07	15:59:28	e83bb49f-955e-48a4-8d99-6467ba0cf86b	POST	/refresh	undefined
2023/03/07	15:59:36	5ee1144d-0fb2-4a2b-9e4a-e0aa9a6bf5de	DELETE	/comment	undefined
2023/03/07	16:00:08	d821d0d3-2fb3-4ae2-af81-4626c716dbac	POST	/login	undefined
2023/03/07	16:00:14	3d8ff18f-6bae-437f-8f6f-b60e91727c73	POST	/login	undefined
2023/03/07	16:00:36	5322047e-cbfc-4736-937f-7963f6f50ed7	POST	/login	undefined
2023/03/07	16:00:55	25538ac2-c524-4c30-acd5-5da38dcd4498	DELETE	/comment	undefined
2023/03/07	16:01:52	aeed6a1d-8f1f-4457-addf-5d7b56da8c6d	POST	/comment	undefined
2023/03/07	16:01:54	dd8efecf-7281-4aab-aaf0-8b2369f2b891	POST	/refresh	undefined
2023/03/07	16:02:00	f8f57fe3-8192-478d-b2fb-603e440c2a23	POST	/comment	undefined
2023/03/07	16:02:13	879e46bf-0e07-41da-a20f-1aec865b1aac	POST	/comment	undefined
2023/03/07	16:02:38	ff711b2b-9231-4596-af95-75332df8fd57	POST	/login	undefined
2023/03/07	16:03:01	134d7401-c29f-42c2-9e19-452505c37698	POST	/login	undefined
2023/03/07	16:03:05	7f69a824-d612-4ce8-b24c-f7ef4d2e3626	DELETE	/comment	undefined
2023/03/07	16:04:10	d58ec292-6117-43d2-8206-00727bf551cb	DELETE	/comment	undefined
2023/03/07	16:04:12	7c8287c1-32b2-434c-8176-52fa7d73e8c9	POST	/refresh	undefined
2023/03/07	16:04:16	cfae7042-41e0-4721-b5bf-5e11b9eb3176	DELETE	/comment	undefined
2023/03/07	16:06:21	ad7fe6a2-5350-4aab-a98f-44a3a65c976d	POST	/refresh	undefined
2023/03/07	16:06:36	afbd20d1-5f75-40b0-92b5-3128fe922c73	DELETE	/comment	undefined
2023/03/07	16:07:54	d29d7799-3882-4588-9530-18a8fe5a6aab	POST	/login	undefined
2023/03/07	16:08:00	a3c11084-e7cd-419a-8d05-1d201f8aeacb	POST	/comment	undefined
2023/03/07	16:08:03	7740f767-c29a-4c30-a708-088483b52f62	POST	/comment	undefined
2023/03/07	16:08:24	555ae94e-6b39-499b-b91e-7b072ba46ace	POST	/login	undefined
2023/03/07	16:08:31	d5e2fef0-21f4-493f-82a3-d8844886bdae	POST	/comment	undefined
2023/03/07	16:12:20	735f875f-ab68-4ab6-bb1a-093f418c4fe0	POST	/login	undefined
2023/03/07	16:12:24	bbe9bb00-8243-4063-9a23-f465a37a9424	DELETE	/comment	undefined
2023/03/07	16:12:27	030edd99-1e63-4a43-a348-0d50c3dd07e2	DELETE	/comment	undefined
2023/03/07	16:12:40	56b1a0da-fcbb-4d21-8fa7-b44bcf16819e	POST	/login	undefined
2023/03/07	16:12:44	1e771c08-8d27-4c7b-9478-cf8ea3699b4b	DELETE	/comment	undefined
2023/03/07	22:25:41	a62e35b5-5e96-471d-a99d-367487f864f1	POST	/login	undefined
2023/03/07	22:25:58	18d70741-7639-4393-ac9d-b68f07674c12	DELETE	/comment	undefined
2023/03/07	22:26:05	9ac6a9f8-19fc-4db7-a109-a3ed2331cac7	POST	/login	undefined
2023/03/07	22:26:10	fe6be74b-5044-427e-b80b-23cd7bb9239b	DELETE	/comment	undefined
2023/03/07	22:41:27	b758a60a-b298-4a43-8802-a8b47d0f926c	POST	/login	undefined
2023/03/07	22:41:57	fbb10bd8-6de4-480c-b16c-972c92277d89	POST	/refresh	undefined
2023/03/07	22:42:13	f0f41fa3-c462-40e0-8234-0fce73627dc4	PUT	/comment	undefined
2023/03/07	22:45:00	09af3ef1-28ed-4981-9e57-7fa5de43ecc0	POST	/login	undefined
2023/03/07	22:45:06	11910817-a4bb-4074-9fb4-cdbf8a3fbf84	PUT	/comment	undefined
2023/03/07	22:46:48	d02b5cc4-bfe1-49d3-a9c2-e1f04ef71018	POST	/refresh	undefined
2023/03/07	22:46:54	50dd260a-dceb-4f95-94dd-bb0f11713454	PUT	/comment	undefined
2023/03/07	22:48:50	43285ec5-5d32-433f-bbc7-b1614610b559	POST	/login	undefined
2023/03/07	22:48:56	21f2c634-55f3-4920-959a-5bdd591d81f0	PUT	/comment	undefined
2023/03/07	22:50:34	e0b47bc5-c2c0-4ce8-af23-de2ea544966f	POST	/login	undefined
2023/03/07	22:50:44	cb9e17ae-eb68-4ee0-b815-dc1780c341fe	DELETE	/admin	undefined
2023/03/07	22:50:51	35d23c74-aa48-4942-8acb-f5ca9847b978	DELETE	/admin	undefined
2023/03/07	22:50:58	fee68beb-0a48-4adb-b660-9b700d332086	POST	/login	undefined
2023/03/07	22:51:15	b871d3aa-84cd-4793-a804-95cab5992219	DELETE	/admin	undefined
2023/03/07	23:13:27	ea8dc2b0-a5bb-4cb5-9e9a-ff5f379f8059	POST	/login	undefined
2023/03/07	23:13:49	9929cb54-190c-4a4e-85e0-5f9d4ee30e80	DELETE	/comment	undefined
2023/03/07	23:13:56	d45bcb12-89b2-43c0-b860-3877e0221a2b	POST	/refresh	undefined
2023/03/07	23:14:00	23995301-088c-4cc1-ba44-7b50ed65f186	DELETE	/comment	undefined
2023/03/07	23:15:09	748f49d1-5f4d-42a4-aaa7-ac2def561518	POST	/refresh	undefined
2023/03/07	23:15:23	b98676e5-8464-4f59-99c7-bbd0fdfcdc4e	DELETE	/comment	undefined
2023/03/07	23:15:40	dc301f61-618f-4dea-8888-1a66865e25ff	POST	/comment	undefined
2023/03/07	23:15:43	4023f494-a483-44e5-905b-148a1a38b7a8	POST	/refresh	undefined
2023/03/07	23:15:47	524e90f3-451d-44ae-9099-45177c757900	POST	/comment	undefined
2023/03/07	23:15:52	2fa77ae7-251a-41cd-8d00-a75034e87cf3	POST	/comment	undefined
2023/03/07	23:15:55	bea188e0-6818-460e-abad-85a00dbfe237	POST	/comment	undefined
2023/03/07	23:16:13	aba8e390-1667-40d0-bdf0-c2577da17058	POST	/refresh	undefined
2023/03/07	23:16:18	cf1ee106-5347-442d-8b07-f7732eff7aa1	DELETE	/comment	undefined
2023/03/07	23:16:26	f0627b05-f006-4be4-88e9-587fc58449c0	POST	/refresh	undefined
2023/03/07	23:16:33	5ae568ec-25ec-4f43-95cf-aa4b7c55979c	DELETE	/comment	undefined
2023/03/07	23:16:37	86c50d01-f9dc-416c-b60a-e5a56495c9e7	DELETE	/comment	undefined
2023/03/07	23:16:41	4f5955b3-275e-48da-9a61-0cab7aa49161	DELETE	/comment	undefined
2023/03/07	23:17:27	0003a47b-5212-4db8-981c-0601d0c2ecb6	POST	/refresh	undefined
2023/03/07	23:17:33	b8a451bb-22f1-4b0d-a360-57d7b6187c1c	PUT	/comment	undefined
2023/03/07	23:17:39	5b50439e-07d1-4e6a-acc0-52e3af2e3cab	POST	/login	undefined
2023/03/07	23:17:44	faedca8b-516f-4dd2-8764-f3444a2849cb	PUT	/comment	undefined
2023/03/07	23:18:20	1e9f1cb6-eceb-4c9c-b780-c92530ebdb1d	POST	/refresh	undefined
2023/03/07	23:18:27	a872bfa2-e6bd-4e59-b4c5-ffb826bdb829	PUT	/comment	undefined
2023/03/07	23:18:37	52691f6f-fc7c-4341-a5f2-232653b908e9	POST	/login	undefined
2023/03/07	23:18:46	6bcc563a-f7c6-4775-9da9-25164ba4e726	PUT	/comment	undefined
2023/03/07	23:20:17	72c57dd4-7890-4801-a82b-148a73a5cd93	POST	/refresh	undefined
2023/03/07	23:20:22	144c4e99-cfbd-4bbe-81b3-762fa3fc381e	PUT	/post	undefined
2023/03/07	23:21:50	090054cf-1957-4f72-99db-0f53f6ba9cdc	POST	/refresh	undefined
2023/03/07	23:21:56	6bc5d8e9-2dea-4752-8842-4cc193df78ab	PUT	/post	undefined
2023/03/07	23:22:08	217770dd-f74e-40f0-85de-78575ac2a865	POST	/login	undefined
2023/03/07	23:22:18	0dc62597-b952-4136-8948-7ff27b789a59	POST	/login	undefined
2023/03/07	23:22:27	a01719aa-2416-4e26-857b-b74186299e1d	PUT	/post	undefined
2023/03/07	23:23:00	86f39c70-020e-4619-9efa-2824966d40d7	POST	/refresh	undefined
2023/03/07	23:23:06	3bbace85-0bd2-45c3-8ce9-8f540b87e53c	DELETE	/post	undefined
2023/03/07	23:23:24	2697e850-7ada-4161-8c52-0ad00cf7ea93	POST	/login	undefined
2023/03/07	23:23:29	705c7421-40e8-449e-9e3b-89690f6d728a	DELETE	/post	undefined
